2025-12-14T23:05:41: Server is running on http://localhost:8082
2025-12-14T23:05:41: Server is running on http://localhost:8083
2025-12-14T23:05:41: Server is running on http://localhost:8084
2025-12-14T23:05:41: Server is running on http://localhost:8085
2025-12-14T23:05:41: Server is running on http://localhost:8086
2025-12-14T23:05:41: Server is running on http://localhost:8087
2025-12-14T23:05:41: Server is running on http://localhost:8089
2025-12-14T23:05:41: Server is running on http://localhost:8088
2025-12-14T23:06:15: 
  ReferenceError: Blob is not defined
      at respond (/Users/liushasha/workspace/study-notion/koa/AI-BFF/node_modules/.pnpm/koa@3.1.1/node_modules/koa/lib/application.js:309:23)
      at handleResponse (/Users/liushasha/workspace/study-notion/koa/AI-BFF/node_modules/.pnpm/koa@3.1.1/node_modules/koa/lib/application.js:191:34)

2025-12-14T23:06:15: 
  ReferenceError: Blob is not defined
      at respond (/Users/liushasha/workspace/study-notion/koa/AI-BFF/node_modules/.pnpm/koa@3.1.1/node_modules/koa/lib/application.js:309:23)
      at handleResponse (/Users/liushasha/workspace/study-notion/koa/AI-BFF/node_modules/.pnpm/koa@3.1.1/node_modules/koa/lib/application.js:191:34)

2025-12-14T23:06:20: 
  ReferenceError: Blob is not defined
      at respond (/Users/liushasha/workspace/study-notion/koa/AI-BFF/node_modules/.pnpm/koa@3.1.1/node_modules/koa/lib/application.js:309:23)
      at handleResponse (/Users/liushasha/workspace/study-notion/koa/AI-BFF/node_modules/.pnpm/koa@3.1.1/node_modules/koa/lib/application.js:191:34)

2025-12-14T23:06:26: 
  ReferenceError: Blob is not defined
      at respond (/Users/liushasha/workspace/study-notion/koa/AI-BFF/node_modules/.pnpm/koa@3.1.1/node_modules/koa/lib/application.js:309:23)
      at handleResponse (/Users/liushasha/workspace/study-notion/koa/AI-BFF/node_modules/.pnpm/koa@3.1.1/node_modules/koa/lib/application.js:191:34)

2025-12-14T23:06:26: 
  ReferenceError: Blob is not defined
      at respond (/Users/liushasha/workspace/study-notion/koa/AI-BFF/node_modules/.pnpm/koa@3.1.1/node_modules/koa/lib/application.js:309:23)
      at handleResponse (/Users/liushasha/workspace/study-notion/koa/AI-BFF/node_modules/.pnpm/koa@3.1.1/node_modules/koa/lib/application.js:191:34)

2025-12-14T23:07:44: 
  ReferenceError: Blob is not defined
      at respond (/Users/liushasha/workspace/study-notion/koa/AI-BFF/node_modules/.pnpm/koa@3.1.1/node_modules/koa/lib/application.js:309:23)
      at handleResponse (/Users/liushasha/workspace/study-notion/koa/AI-BFF/node_modules/.pnpm/koa@3.1.1/node_modules/koa/lib/application.js:191:34)

2025-12-14T23:07:44: 
  ReferenceError: Blob is not defined
      at respond (/Users/liushasha/workspace/study-notion/koa/AI-BFF/node_modules/.pnpm/koa@3.1.1/node_modules/koa/lib/application.js:309:23)
      at handleResponse (/Users/liushasha/workspace/study-notion/koa/AI-BFF/node_modules/.pnpm/koa@3.1.1/node_modules/koa/lib/application.js:191:34)

2025-12-14T23:07:47: 
  ReferenceError: Blob is not defined
      at respond (/Users/liushasha/workspace/study-notion/koa/AI-BFF/node_modules/.pnpm/koa@3.1.1/node_modules/koa/lib/application.js:309:23)
      at handleResponse (/Users/liushasha/workspace/study-notion/koa/AI-BFF/node_modules/.pnpm/koa@3.1.1/node_modules/koa/lib/application.js:191:34)

2025-12-14T23:07:47: 
  ReferenceError: Blob is not defined
      at respond (/Users/liushasha/workspace/study-notion/koa/AI-BFF/node_modules/.pnpm/koa@3.1.1/node_modules/koa/lib/application.js:309:23)
      at handleResponse (/Users/liushasha/workspace/study-notion/koa/AI-BFF/node_modules/.pnpm/koa@3.1.1/node_modules/koa/lib/application.js:191:34)

2025-12-14T23:08:21: Server is running on http://localhost:8083
2025-12-14T23:08:21: Server is running on http://localhost:8082
2025-12-14T23:08:21: Server is running on http://localhost:8084
2025-12-14T23:08:21: Server is running on http://localhost:8085
2025-12-14T23:08:21: Server is running on http://localhost:8086
2025-12-14T23:08:21: Server is running on http://localhost:8087
2025-12-14T23:08:21: Server is running on http://localhost:8088
2025-12-14T23:08:21: Server is running on http://localhost:8089
